<?xml version="1.0" encoding="UTF-8"?>
<!-- Generated by org.testng.reporters.JUnitXMLReporter -->
<testsuite hostname="kamlesh-PC" name="Test" tests="6" failures="0" timestamp="10 Sep 2016 16:28:28 GMT" time="107.293" errors="0">
  <testcase name="WebsiteOpenedTest" time="1.871" classname="pkg.SignupAction"/>
  <testcase name="LoginPageopenedTest" time="12.131" classname="pkg.SignupAction"/>
  <testcase name="SignupPageOpenedTest" time="3.884" classname="pkg.SignupAction"/>
  <testcase name="PlaceholderTest" time="0.405" classname="pkg.SignupAction"/>
  <testcase name="ActivationLinkMessageTest" time="39.639" classname="pkg.SignupAction"/>
  <testcase name="InvalidEmailidTest" time="19.612" classname="pkg.SignupAction"/>
</testsuite> <!-- Test -->
