<?xml version="1.0" encoding="UTF-8"?>
<testng-results skipped="0" failed="0" total="6" passed="6">
  <reporter-output>
  </reporter-output>
  <suite name="Suite" duration-ms="107293" started-at="2016-09-10T16:26:41Z" finished-at="2016-09-10T16:28:28Z">
    <groups>
      <group name="regression">
        <method signature="SignupAction.ActivationLinkMessageTest()[pri:0, instance:pkg.SignupAction@2315e69a]" name="ActivationLinkMessageTest" class="pkg.SignupAction"/>
        <method signature="SignupAction.InvalidEmailidTest()[pri:0, instance:pkg.SignupAction@2315e69a]" name="InvalidEmailidTest" class="pkg.SignupAction"/>
        <method signature="SignupAction.LoginPageopenedTest()[pri:0, instance:pkg.SignupAction@2315e69a]" name="LoginPageopenedTest" class="pkg.SignupAction"/>
        <method signature="SignupAction.PlaceholderTest()[pri:0, instance:pkg.SignupAction@2315e69a]" name="PlaceholderTest" class="pkg.SignupAction"/>
        <method signature="SignupAction.SignupPageOpenedTest()[pri:0, instance:pkg.SignupAction@2315e69a]" name="SignupPageOpenedTest" class="pkg.SignupAction"/>
        <method signature="SignupAction.WebsiteOpenedTest()[pri:0, instance:pkg.SignupAction@2315e69a]" name="WebsiteOpenedTest" class="pkg.SignupAction"/>
      </group> <!-- regression -->
      <group name="smoke">
        <method signature="SignupAction.ActivationLinkMessageTest()[pri:0, instance:pkg.SignupAction@2315e69a]" name="ActivationLinkMessageTest" class="pkg.SignupAction"/>
        <method signature="SignupAction.LoginPageopenedTest()[pri:0, instance:pkg.SignupAction@2315e69a]" name="LoginPageopenedTest" class="pkg.SignupAction"/>
        <method signature="SignupAction.SignupPageOpenedTest()[pri:0, instance:pkg.SignupAction@2315e69a]" name="SignupPageOpenedTest" class="pkg.SignupAction"/>
        <method signature="SignupAction.WebsiteOpenedTest()[pri:0, instance:pkg.SignupAction@2315e69a]" name="WebsiteOpenedTest" class="pkg.SignupAction"/>
      </group> <!-- smoke -->
    </groups>
    <test name="Test" duration-ms="107293" started-at="2016-09-10T16:26:41Z" finished-at="2016-09-10T16:28:28Z">
      <class name="pkg.SignupAction">
        <test-method status="PASS" signature="setup(java.lang.String)[pri:0, instance:pkg.SignupAction@2315e69a]" name="setup" is-config="true" duration-ms="29400" started-at="2016-09-10T21:56:41Z" finished-at="2016-09-10T21:57:10Z">
          <params>
            <param index="0">
              <value>
                <![CDATA[Chrome]]>
              </value>
            </param>
          </params>
          <reporter-output>
          </reporter-output>
        </test-method> <!-- setup -->
        <test-method status="PASS" signature="WebsiteOpenedTest()[pri:0, instance:pkg.SignupAction@2315e69a]" name="WebsiteOpenedTest" duration-ms="1871" started-at="2016-09-10T21:57:11Z" finished-at="2016-09-10T21:57:12Z">
          <reporter-output>
          </reporter-output>
        </test-method> <!-- WebsiteOpenedTest -->
        <test-method status="PASS" signature="LoginPageopenedTest()[pri:0, instance:pkg.SignupAction@2315e69a]" name="LoginPageopenedTest" duration-ms="12131" started-at="2016-09-10T21:57:12Z" finished-at="2016-09-10T21:57:25Z">
          <reporter-output>
          </reporter-output>
        </test-method> <!-- LoginPageopenedTest -->
        <test-method status="PASS" signature="SignupPageOpenedTest()[pri:0, instance:pkg.SignupAction@2315e69a]" name="SignupPageOpenedTest" duration-ms="3884" started-at="2016-09-10T21:57:25Z" finished-at="2016-09-10T21:57:28Z">
          <reporter-output>
          </reporter-output>
        </test-method> <!-- SignupPageOpenedTest -->
        <test-method status="PASS" signature="PlaceholderTest()[pri:0, instance:pkg.SignupAction@2315e69a]" name="PlaceholderTest" duration-ms="405" started-at="2016-09-10T21:57:28Z" finished-at="2016-09-10T21:57:29Z">
          <reporter-output>
          </reporter-output>
        </test-method> <!-- PlaceholderTest -->
        <test-method status="PASS" signature="ActivationLinkMessageTest()[pri:0, instance:pkg.SignupAction@2315e69a]" name="ActivationLinkMessageTest" duration-ms="39639" started-at="2016-09-10T21:57:29Z" finished-at="2016-09-10T21:58:09Z">
          <reporter-output>
          </reporter-output>
        </test-method> <!-- ActivationLinkMessageTest -->
        <test-method status="PASS" signature="InvalidEmailidTest()[pri:0, instance:pkg.SignupAction@2315e69a]" name="InvalidEmailidTest" duration-ms="19612" started-at="2016-09-10T21:58:09Z" finished-at="2016-09-10T21:58:28Z">
          <reporter-output>
          </reporter-output>
        </test-method> <!-- InvalidEmailidTest -->
      </class> <!-- pkg.SignupAction -->
    </test> <!-- Test -->
  </suite> <!-- Suite -->
</testng-results>
