<?xml version="1.0" encoding="UTF-8"?>
<testng-results skipped="0" failed="1" total="6" passed="5">
  <reporter-output>
  </reporter-output>
  <suite name="Suite" duration-ms="83492" started-at="2016-09-05T15:45:48Z" finished-at="2016-09-05T15:47:11Z">
    <groups>
    </groups>
    <test name="Test" duration-ms="83492" started-at="2016-09-05T15:45:48Z" finished-at="2016-09-05T15:47:11Z">
      <class name="pkg.SignupAction">
        <test-method status="PASS" signature="setup(java.lang.String)[pri:0, instance:pkg.SignupAction@4587fd42]" name="setup" is-config="true" duration-ms="25304" started-at="2016-09-05T21:15:48Z" finished-at="2016-09-05T21:16:13Z">
          <params>
            <param index="0">
              <value>
                <![CDATA[Chrome]]>
              </value>
            </param>
          </params>
          <reporter-output>
          </reporter-output>
        </test-method> <!-- setup -->
        <test-method status="PASS" signature="Browser()[pri:0, instance:pkg.SignupAction@4587fd42]" name="Browser" duration-ms="552" started-at="2016-09-05T21:16:13Z" finished-at="2016-09-05T21:16:14Z">
          <reporter-output>
          </reporter-output>
        </test-method> <!-- Browser -->
        <test-method status="PASS" signature="LoginPageopenedTest()[pri:0, instance:pkg.SignupAction@4587fd42]" name="LoginPageopenedTest" duration-ms="11831" started-at="2016-09-05T21:16:14Z" finished-at="2016-09-05T21:16:26Z">
          <reporter-output>
          </reporter-output>
        </test-method> <!-- LoginPageopenedTest -->
        <test-method status="PASS" signature="SignupPageOpenedTest()[pri:0, instance:pkg.SignupAction@4587fd42]" name="SignupPageOpenedTest" duration-ms="4806" started-at="2016-09-05T21:16:26Z" finished-at="2016-09-05T21:16:30Z">
          <reporter-output>
          </reporter-output>
        </test-method> <!-- SignupPageOpenedTest -->
        <test-method status="PASS" signature="PlaceholderTest()[pri:0, instance:pkg.SignupAction@4587fd42]" name="PlaceholderTest" duration-ms="453" started-at="2016-09-05T21:16:30Z" finished-at="2016-09-05T21:16:31Z">
          <reporter-output>
          </reporter-output>
        </test-method> <!-- PlaceholderTest -->
        <test-method status="PASS" signature="ActivationLinkMessageTest()[pri:0, instance:pkg.SignupAction@4587fd42]" name="ActivationLinkMessageTest" duration-ms="35413" started-at="2016-09-05T21:16:31Z" finished-at="2016-09-05T21:17:06Z">
          <reporter-output>
          </reporter-output>
        </test-method> <!-- ActivationLinkMessageTest -->
        <test-method status="FAIL" signature="InvalidEmailidTest()[pri:0, instance:pkg.SignupAction@4587fd42]" name="InvalidEmailidTest" duration-ms="5052" started-at="2016-09-05T21:17:06Z" finished-at="2016-09-05T21:17:11Z">
          <exception class="org.openqa.selenium.InvalidSelectorException">
            <message>
              <![CDATA[invalid selector: Unable to locate an element with the xpath expression .//*[@id='id5']/fieldset/div[3]/menu/a because of the following error:
TypeError: Failed to execute 'createNSResolver' on 'Document': parameter 1 is not of type 'Node'.
  (Session info: chrome=52.0.2743.116)
  (Driver info: chromedriver=2.9.248315,platform=Windows NT 6.1 x86_64) (WARNING: The server did not provide any stacktrace information)
Command duration or timeout: 4.77 seconds
For documentation on this error, please visit: http://seleniumhq.org/exceptions/invalid_selector_exception.html
Build info: version: '2.41.0', revision: '3192d8a', time: '2014-03-27 17:18:15'
System info: host: 'kamlesh-PC', ip: '192.168.0.112', os.name: 'Windows 7', os.arch: 'amd64', os.version: '6.1', java.version: '1.7.0_51'
Session ID: 6e2d32e9ff7fa8d7df8eafe2910d04a9
Driver info: org.openqa.selenium.chrome.ChromeDriver
Capabilities [{platform=XP, acceptSslCerts=true, javascriptEnabled=true, browserName=chrome, chrome={userDataDir=C:\Users\kamlesh\AppData\Local\Temp\scoped_dir3220_8531}, rotatable=false, locationContextEnabled=true, version=52.0.2743.116, takesHeapSnapshot=true, cssSelectorsEnabled=true, databaseEnabled=false, handlesAlerts=true, browserConnectionEnabled=false, nativeEvents=true, webStorageEnabled=true, applicationCacheEnabled=false, takesScreenshot=true}]]]>
            </message>
            <full-stacktrace>
              <![CDATA[org.openqa.selenium.InvalidSelectorException: invalid selector: Unable to locate an element with the xpath expression .//*[@id='id5']/fieldset/div[3]/menu/a because of the following error:
TypeError: Failed to execute 'createNSResolver' on 'Document': parameter 1 is not of type 'Node'.
  (Session info: chrome=52.0.2743.116)
  (Driver info: chromedriver=2.9.248315,platform=Windows NT 6.1 x86_64) (WARNING: The server did not provide any stacktrace information)
Command duration or timeout: 4.77 seconds
For documentation on this error, please visit: http://seleniumhq.org/exceptions/invalid_selector_exception.html
Build info: version: '2.41.0', revision: '3192d8a', time: '2014-03-27 17:18:15'
System info: host: 'kamlesh-PC', ip: '192.168.0.112', os.name: 'Windows 7', os.arch: 'amd64', os.version: '6.1', java.version: '1.7.0_51'
Session ID: 6e2d32e9ff7fa8d7df8eafe2910d04a9
Driver info: org.openqa.selenium.chrome.ChromeDriver
Capabilities [{platform=XP, acceptSslCerts=true, javascriptEnabled=true, browserName=chrome, chrome={userDataDir=C:\Users\kamlesh\AppData\Local\Temp\scoped_dir3220_8531}, rotatable=false, locationContextEnabled=true, version=52.0.2743.116, takesHeapSnapshot=true, cssSelectorsEnabled=true, databaseEnabled=false, handlesAlerts=true, browserConnectionEnabled=false, nativeEvents=true, webStorageEnabled=true, applicationCacheEnabled=false, takesScreenshot=true}]
	at sun.reflect.NativeConstructorAccessorImpl.newInstance0(Native Method)
	at sun.reflect.NativeConstructorAccessorImpl.newInstance(NativeConstructorAccessorImpl.java:57)
	at sun.reflect.DelegatingConstructorAccessorImpl.newInstance(DelegatingConstructorAccessorImpl.java:45)
	at java.lang.reflect.Constructor.newInstance(Constructor.java:526)
	at org.openqa.selenium.remote.ErrorHandler.createThrowable(ErrorHandler.java:193)
	at org.openqa.selenium.remote.ErrorHandler.throwIfResponseFailed(ErrorHandler.java:145)
	at org.openqa.selenium.remote.RemoteWebDriver.execute(RemoteWebDriver.java:595)
	at org.openqa.selenium.remote.RemoteWebDriver.findElement(RemoteWebDriver.java:348)
	at org.openqa.selenium.remote.RemoteWebDriver.findElementByXPath(RemoteWebDriver.java:445)
	at org.openqa.selenium.By$ByXPath.findElement(By.java:357)
	at org.openqa.selenium.remote.RemoteWebDriver.findElement(RemoteWebDriver.java:340)
	at pkg.SignupAction.InvalidEmailidTest(SignupAction.java:245)
	at sun.reflect.NativeMethodAccessorImpl.invoke0(Native Method)
	at sun.reflect.NativeMethodAccessorImpl.invoke(NativeMethodAccessorImpl.java:57)
	at sun.reflect.DelegatingMethodAccessorImpl.invoke(DelegatingMethodAccessorImpl.java:43)
	at java.lang.reflect.Method.invoke(Method.java:606)
	at org.testng.internal.MethodInvocationHelper.invokeMethod(MethodInvocationHelper.java:84)
	at org.testng.internal.Invoker.invokeMethod(Invoker.java:714)
	at org.testng.internal.Invoker.invokeTestMethod(Invoker.java:901)
	at org.testng.internal.Invoker.invokeTestMethods(Invoker.java:1231)
	at org.testng.internal.TestMethodWorker.invokeTestMethods(TestMethodWorker.java:127)
	at org.testng.internal.TestMethodWorker.run(TestMethodWorker.java:111)
	at org.testng.TestRunner.privateRun(TestRunner.java:767)
	at org.testng.TestRunner.run(TestRunner.java:617)
	at org.testng.SuiteRunner.runTest(SuiteRunner.java:334)
	at org.testng.SuiteRunner.access$000(SuiteRunner.java:37)
	at org.testng.SuiteRunner$SuiteWorker.run(SuiteRunner.java:368)
	at org.testng.internal.thread.ThreadUtil$2.call(ThreadUtil.java:64)
	at java.util.concurrent.FutureTask.run(FutureTask.java:262)
	at java.util.concurrent.ThreadPoolExecutor.runWorker(ThreadPoolExecutor.java:1145)
	at java.util.concurrent.ThreadPoolExecutor$Worker.run(ThreadPoolExecutor.java:615)
	at java.lang.Thread.run(Thread.java:744)
]]>
            </full-stacktrace>
          </exception> <!-- org.openqa.selenium.InvalidSelectorException -->
          <reporter-output>
          </reporter-output>
        </test-method> <!-- InvalidEmailidTest -->
      </class> <!-- pkg.SignupAction -->
    </test> <!-- Test -->
  </suite> <!-- Suite -->
</testng-results>
